{"C:\\cursos\\Api_barriga\\knexfile.js": {"path":"C:\\cursos\\Api_barriga\\knexfile.js","statementMap":{"0":{"start":{"line":1,"column":0},"end":{"line":18,"column":2}}},"fnMap":{},"branchMap":{},"s":{"0":7},"f":{},"b":{},"_coverageSchema":"332fd63041d2c1bcb487cc26dd0d5f7d97098a6c","hash":"0f1b940dc4885766a804b6906654b30ece69a045"}
,"C:\\cursos\\Api_barriga\\src\\app.js": {"path":"C:\\cursos\\Api_barriga\\src\\app.js","statementMap":{"0":{"start":{"line":1,"column":12},"end":{"line":1,"column":32}},"1":{"start":{"line":2,"column":16},"end":{"line":2,"column":34}},"2":{"start":{"line":3,"column":13},"end":{"line":3,"column":28}},"3":{"start":{"line":4,"column":17},"end":{"line":4,"column":39}},"4":{"start":{"line":7,"column":0},"end":{"line":7,"column":29}},"5":{"start":{"line":10,"column":0},"end":{"line":19,"column":15}},"6":{"start":{"line":21,"column":0},"end":{"line":24,"column":3}},"7":{"start":{"line":22,"column":4},"end":{"line":22,"column":27}},"8":{"start":{"line":26,"column":0},"end":{"line":46,"column":3}},"9":{"start":{"line":30,"column":8},"end":{"line":30,"column":11}},"10":{"start":{"line":31,"column":4},"end":{"line":33,"column":7}},"11":{"start":{"line":31,"column":36},"end":{"line":33,"column":7}},"12":{"start":{"line":34,"column":4},"end":{"line":44,"column":5}},"13":{"start":{"line":34,"column":41},"end":{"line":36,"column":7}},"14":{"start":{"line":38,"column":8},"end":{"line":38,"column":29}},"15":{"start":{"line":39,"column":8},"end":{"line":43,"column":11}},"16":{"start":{"line":45,"column":4},"end":{"line":45,"column":14}},"17":{"start":{"line":58,"column":0},"end":{"line":58,"column":21}}},"fnMap":{"0":{"name":"(anonymous_0)","decl":{"start":{"line":21,"column":13},"end":{"line":21,"column":14}},"loc":{"start":{"line":21,"column":27},"end":{"line":24,"column":1}},"line":21},"1":{"name":"(anonymous_1)","decl":{"start":{"line":26,"column":8},"end":{"line":26,"column":9}},"loc":{"start":{"line":26,"column":33},"end":{"line":46,"column":1}},"line":26}},"branchMap":{"0":{"loc":{"start":{"line":31,"column":4},"end":{"line":33,"column":7}},"type":"if","locations":[{"start":{"line":31,"column":4},"end":{"line":33,"column":7}},{"start":{"line":31,"column":4},"end":{"line":33,"column":7}}],"line":31},"1":{"loc":{"start":{"line":34,"column":4},"end":{"line":44,"column":5}},"type":"if","locations":[{"start":{"line":34,"column":4},"end":{"line":44,"column":5}},{"start":{"line":34,"column":4},"end":{"line":44,"column":5}}],"line":34}},"s":{"0":7,"1":7,"2":7,"3":7,"4":7,"5":7,"6":7,"7":1,"8":7,"9":34,"10":34,"11":29,"12":34,"13":5,"14":29,"15":29,"16":5,"17":7},"f":{"0":1,"1":34},"b":{"0":[29,5],"1":[5,29]},"_coverageSchema":"332fd63041d2c1bcb487cc26dd0d5f7d97098a6c","hash":"c049e44056b9cb3c5d98e0082f4d7ece50fe0bf3"}
,"C:\\cursos\\Api_barriga\\src\\config\\middlewares.js": {"path":"C:\\cursos\\Api_barriga\\src\\config\\middlewares.js","statementMap":{"0":{"start":{"line":1,"column":19},"end":{"line":1,"column":41}},"1":{"start":{"line":5,"column":0},"end":{"line":9,"column":2}},"2":{"start":{"line":6,"column":4},"end":{"line":6,"column":31}}},"fnMap":{"0":{"name":"(anonymous_0)","decl":{"start":{"line":5,"column":17},"end":{"line":5,"column":18}},"loc":{"start":{"line":5,"column":26},"end":{"line":9,"column":1}},"line":5}},"branchMap":{},"s":{"0":7,"1":7,"2":7},"f":{"0":7},"b":{},"_coverageSchema":"332fd63041d2c1bcb487cc26dd0d5f7d97098a6c","hash":"dabad3332220ec278c7f66439046c3600b4de92d"}
,"C:\\cursos\\Api_barriga\\src\\config\\passport.js": {"path":"C:\\cursos\\Api_barriga\\src\\config\\passport.js","statementMap":{"0":{"start":{"line":1,"column":17},"end":{"line":1,"column":36}},"1":{"start":{"line":2,"column":20},"end":{"line":2,"column":43}},"2":{"start":{"line":4,"column":15},"end":{"line":4,"column":25}},"3":{"start":{"line":9,"column":4},"end":{"line":9,"column":15}},"4":{"start":{"line":11,"column":0},"end":{"line":36,"column":2}},"5":{"start":{"line":12,"column":19},"end":{"line":15,"column":5}},"6":{"start":{"line":17,"column":21},"end":{"line":27,"column":6}},"7":{"start":{"line":18,"column":8},"end":{"line":26,"column":46}},"8":{"start":{"line":22,"column":16},"end":{"line":25,"column":39}},"9":{"start":{"line":22,"column":26},"end":{"line":24,"column":19}},"10":{"start":{"line":25,"column":21},"end":{"line":25,"column":39}},"11":{"start":{"line":26,"column":28},"end":{"line":26,"column":44}},"12":{"start":{"line":29,"column":4},"end":{"line":29,"column":27}},"13":{"start":{"line":31,"column":4},"end":{"line":35,"column":6}},"14":{"start":{"line":32,"column":28},"end":{"line":34,"column":10}}},"fnMap":{"0":{"name":"(anonymous_0)","decl":{"start":{"line":11,"column":17},"end":{"line":11,"column":18}},"loc":{"start":{"line":11,"column":26},"end":{"line":36,"column":1}},"line":11},"1":{"name":"(anonymous_1)","decl":{"start":{"line":17,"column":42},"end":{"line":17,"column":43}},"loc":{"start":{"line":17,"column":61},"end":{"line":27,"column":5}},"line":17},"2":{"name":"(anonymous_2)","decl":{"start":{"line":21,"column":18},"end":{"line":21,"column":19}},"loc":{"start":{"line":21,"column":28},"end":{"line":26,"column":13}},"line":21},"3":{"name":"(anonymous_3)","decl":{"start":{"line":26,"column":21},"end":{"line":26,"column":22}},"loc":{"start":{"line":26,"column":28},"end":{"line":26,"column":44}},"line":26},"4":{"name":"(anonymous_4)","decl":{"start":{"line":32,"column":22},"end":{"line":32,"column":23}},"loc":{"start":{"line":32,"column":28},"end":{"line":34,"column":10}},"line":32}},"branchMap":{"0":{"loc":{"start":{"line":22,"column":16},"end":{"line":25,"column":39}},"type":"if","locations":[{"start":{"line":22,"column":16},"end":{"line":25,"column":39}},{"start":{"line":22,"column":16},"end":{"line":25,"column":39}}],"line":22}},"s":{"0":7,"1":7,"2":7,"3":7,"4":7,"5":7,"6":7,"7":71,"8":71,"9":71,"10":0,"11":0,"12":7,"13":7,"14":7},"f":{"0":7,"1":71,"2":71,"3":0,"4":7},"b":{"0":[71,0]},"_coverageSchema":"332fd63041d2c1bcb487cc26dd0d5f7d97098a6c","hash":"727fa1fffaff4c618340e3aca53e3020a84e9223"}
,"C:\\cursos\\Api_barriga\\src\\config\\router.js": {"path":"C:\\cursos\\Api_barriga\\src\\config\\router.js","statementMap":{"0":{"start":{"line":1,"column":16},"end":{"line":1,"column":34}},"1":{"start":{"line":3,"column":0},"end":{"line":14,"column":2}},"2":{"start":{"line":4,"column":4},"end":{"line":4,"column":38}},"3":{"start":{"line":5,"column":28},"end":{"line":5,"column":44}},"4":{"start":{"line":7,"column":4},"end":{"line":7,"column":52}},"5":{"start":{"line":8,"column":4},"end":{"line":8,"column":58}},"6":{"start":{"line":9,"column":4},"end":{"line":9,"column":66}},"7":{"start":{"line":10,"column":4},"end":{"line":10,"column":60}},"8":{"start":{"line":11,"column":4},"end":{"line":11,"column":56}},"9":{"start":{"line":13,"column":4},"end":{"line":13,"column":72}}},"fnMap":{"0":{"name":"(anonymous_0)","decl":{"start":{"line":3,"column":17},"end":{"line":3,"column":18}},"loc":{"start":{"line":3,"column":26},"end":{"line":14,"column":1}},"line":3}},"branchMap":{},"s":{"0":7,"1":7,"2":7,"3":7,"4":7,"5":7,"6":7,"7":7,"8":7,"9":7},"f":{"0":7},"b":{},"_coverageSchema":"332fd63041d2c1bcb487cc26dd0d5f7d97098a6c","hash":"84bddcad4cdeda899fbcc532611148e2d9477d84"}
,"C:\\cursos\\Api_barriga\\src\\errors\\RecursoIndevidoError.js": {"path":"C:\\cursos\\Api_barriga\\src\\errors\\RecursoIndevidoError.js","statementMap":{"0":{"start":{"line":1,"column":0},"end":{"line":4,"column":2}},"1":{"start":{"line":2,"column":4},"end":{"line":2,"column":39}},"2":{"start":{"line":3,"column":4},"end":{"line":3,"column":27}}},"fnMap":{"0":{"name":"RecursoIndevidoError","decl":{"start":{"line":1,"column":26},"end":{"line":1,"column":46}},"loc":{"start":{"line":1,"column":97},"end":{"line":4,"column":1}},"line":1}},"branchMap":{"0":{"loc":{"start":{"line":1,"column":47},"end":{"line":1,"column":95}},"type":"default-arg","locations":[{"start":{"line":1,"column":57},"end":{"line":1,"column":95}}],"line":1}},"s":{"0":7,"1":5,"2":5},"f":{"0":5},"b":{"0":[5]},"_coverageSchema":"332fd63041d2c1bcb487cc26dd0d5f7d97098a6c","hash":"06ef3b3aeeaae0ab930ee7eadf96bd1e263fe0c0"}
,"C:\\cursos\\Api_barriga\\src\\errors\\ValidationError.js": {"path":"C:\\cursos\\Api_barriga\\src\\errors\\ValidationError.js","statementMap":{"0":{"start":{"line":1,"column":0},"end":{"line":4,"column":2}},"1":{"start":{"line":2,"column":4},"end":{"line":2,"column":34}},"2":{"start":{"line":3,"column":4},"end":{"line":3,"column":27}}},"fnMap":{"0":{"name":"ValidationError","decl":{"start":{"line":1,"column":26},"end":{"line":1,"column":41}},"loc":{"start":{"line":1,"column":51},"end":{"line":4,"column":1}},"line":1}},"branchMap":{},"s":{"0":7,"1":29,"2":29},"f":{"0":29},"b":{},"_coverageSchema":"332fd63041d2c1bcb487cc26dd0d5f7d97098a6c","hash":"c2698a0b5a9595b331382ef62a2ab750d4378536"}
,"C:\\cursos\\Api_barriga\\src\\routes\\accounts.js": {"path":"C:\\cursos\\Api_barriga\\src\\routes\\accounts.js","statementMap":{"0":{"start":{"line":1,"column":16},"end":{"line":1,"column":34}},"1":{"start":{"line":3,"column":29},"end":{"line":3,"column":70}},"2":{"start":{"line":5,"column":0},"end":{"line":58,"column":2}},"3":{"start":{"line":6,"column":19},"end":{"line":6,"column":35}},"4":{"start":{"line":8,"column":4},"end":{"line":16,"column":7}},"5":{"start":{"line":9,"column":8},"end":{"line":15,"column":39}},"6":{"start":{"line":13,"column":16},"end":{"line":14,"column":28}},"7":{"start":{"line":13,"column":49},"end":{"line":13,"column":82}},"8":{"start":{"line":14,"column":21},"end":{"line":14,"column":28}},"9":{"start":{"line":15,"column":28},"end":{"line":15,"column":37}},"10":{"start":{"line":18,"column":4},"end":{"line":27,"column":7}},"11":{"start":{"line":20,"column":8},"end":{"line":26,"column":39}},"12":{"start":{"line":25,"column":16},"end":{"line":25,"column":55}},"13":{"start":{"line":26,"column":28},"end":{"line":26,"column":37}},"14":{"start":{"line":29,"column":4},"end":{"line":34,"column":7}},"15":{"start":{"line":30,"column":8},"end":{"line":32,"column":37}},"16":{"start":{"line":31,"column":28},"end":{"line":31,"column":56}},"17":{"start":{"line":32,"column":26},"end":{"line":32,"column":35}},"18":{"start":{"line":36,"column":4},"end":{"line":42,"column":7}},"19":{"start":{"line":37,"column":8},"end":{"line":41,"column":37}},"20":{"start":{"line":40,"column":28},"end":{"line":40,"column":56}},"21":{"start":{"line":41,"column":26},"end":{"line":41,"column":35}},"22":{"start":{"line":44,"column":4},"end":{"line":48,"column":7}},"23":{"start":{"line":45,"column":8},"end":{"line":47,"column":37}},"24":{"start":{"line":46,"column":28},"end":{"line":46,"column":59}},"25":{"start":{"line":47,"column":26},"end":{"line":47,"column":35}},"26":{"start":{"line":50,"column":4},"end":{"line":54,"column":7}},"27":{"start":{"line":51,"column":8},"end":{"line":53,"column":37}},"28":{"start":{"line":52,"column":24},"end":{"line":52,"column":46}},"29":{"start":{"line":53,"column":26},"end":{"line":53,"column":35}},"30":{"start":{"line":56,"column":4},"end":{"line":56,"column":18}}},"fnMap":{"0":{"name":"(anonymous_0)","decl":{"start":{"line":5,"column":17},"end":{"line":5,"column":18}},"loc":{"start":{"line":5,"column":26},"end":{"line":58,"column":1}},"line":5},"1":{"name":"(anonymous_1)","decl":{"start":{"line":8,"column":23},"end":{"line":8,"column":24}},"loc":{"start":{"line":8,"column":43},"end":{"line":16,"column":5}},"line":8},"2":{"name":"(anonymous_2)","decl":{"start":{"line":12,"column":18},"end":{"line":12,"column":19}},"loc":{"start":{"line":12,"column":27},"end":{"line":15,"column":13}},"line":12},"3":{"name":"(anonymous_3)","decl":{"start":{"line":15,"column":21},"end":{"line":15,"column":22}},"loc":{"start":{"line":15,"column":28},"end":{"line":15,"column":37}},"line":15},"4":{"name":"(anonymous_4)","decl":{"start":{"line":18,"column":21},"end":{"line":18,"column":22}},"loc":{"start":{"line":18,"column":41},"end":{"line":27,"column":5}},"line":18},"5":{"name":"(anonymous_5)","decl":{"start":{"line":24,"column":18},"end":{"line":24,"column":19}},"loc":{"start":{"line":24,"column":30},"end":{"line":26,"column":13}},"line":24},"6":{"name":"(anonymous_6)","decl":{"start":{"line":26,"column":21},"end":{"line":26,"column":22}},"loc":{"start":{"line":26,"column":28},"end":{"line":26,"column":37}},"line":26},"7":{"name":"(anonymous_7)","decl":{"start":{"line":29,"column":20},"end":{"line":29,"column":21}},"loc":{"start":{"line":29,"column":40},"end":{"line":34,"column":5}},"line":29},"8":{"name":"(anonymous_8)","decl":{"start":{"line":31,"column":18},"end":{"line":31,"column":19}},"loc":{"start":{"line":31,"column":28},"end":{"line":31,"column":56}},"line":31},"9":{"name":"(anonymous_9)","decl":{"start":{"line":32,"column":19},"end":{"line":32,"column":20}},"loc":{"start":{"line":32,"column":26},"end":{"line":32,"column":35}},"line":32},"10":{"name":"(anonymous_10)","decl":{"start":{"line":36,"column":23},"end":{"line":36,"column":24}},"loc":{"start":{"line":36,"column":43},"end":{"line":42,"column":5}},"line":36},"11":{"name":"(anonymous_11)","decl":{"start":{"line":40,"column":18},"end":{"line":40,"column":19}},"loc":{"start":{"line":40,"column":28},"end":{"line":40,"column":56}},"line":40},"12":{"name":"(anonymous_12)","decl":{"start":{"line":41,"column":19},"end":{"line":41,"column":20}},"loc":{"start":{"line":41,"column":26},"end":{"line":41,"column":35}},"line":41},"13":{"name":"(anonymous_13)","decl":{"start":{"line":44,"column":23},"end":{"line":44,"column":24}},"loc":{"start":{"line":44,"column":43},"end":{"line":48,"column":5}},"line":44},"14":{"name":"(anonymous_14)","decl":{"start":{"line":46,"column":18},"end":{"line":46,"column":19}},"loc":{"start":{"line":46,"column":28},"end":{"line":46,"column":59}},"line":46},"15":{"name":"(anonymous_15)","decl":{"start":{"line":47,"column":19},"end":{"line":47,"column":20}},"loc":{"start":{"line":47,"column":26},"end":{"line":47,"column":35}},"line":47},"16":{"name":"(anonymous_16)","decl":{"start":{"line":50,"column":26},"end":{"line":50,"column":27}},"loc":{"start":{"line":50,"column":46},"end":{"line":54,"column":5}},"line":50},"17":{"name":"(anonymous_17)","decl":{"start":{"line":52,"column":18},"end":{"line":52,"column":19}},"loc":{"start":{"line":52,"column":24},"end":{"line":52,"column":46}},"line":52},"18":{"name":"(anonymous_18)","decl":{"start":{"line":53,"column":19},"end":{"line":53,"column":20}},"loc":{"start":{"line":53,"column":26},"end":{"line":53,"column":35}},"line":53}},"branchMap":{"0":{"loc":{"start":{"line":13,"column":16},"end":{"line":14,"column":28}},"type":"if","locations":[{"start":{"line":13,"column":16},"end":{"line":14,"column":28}},{"start":{"line":13,"column":16},"end":{"line":14,"column":28}}],"line":13}},"s":{"0":7,"1":7,"2":7,"3":7,"4":7,"5":7,"6":7,"7":3,"8":4,"9":3,"10":7,"11":3,"12":1,"13":2,"14":7,"15":1,"16":1,"17":0,"18":7,"19":1,"20":1,"21":0,"22":7,"23":1,"24":1,"25":0,"26":7,"27":2,"28":1,"29":1,"30":7},"f":{"0":7,"1":7,"2":7,"3":3,"4":3,"5":1,"6":2,"7":1,"8":1,"9":0,"10":1,"11":1,"12":0,"13":1,"14":1,"15":0,"16":2,"17":1,"18":1},"b":{"0":[3,4]},"_coverageSchema":"332fd63041d2c1bcb487cc26dd0d5f7d97098a6c","hash":"62005e560ca5eaa4b97fe00cd4634b19fcede0a1"}
,"C:\\cursos\\Api_barriga\\src\\routes\\auth.js": {"path":"C:\\cursos\\Api_barriga\\src\\routes\\auth.js","statementMap":{"0":{"start":{"line":1,"column":16},"end":{"line":1,"column":34}},"1":{"start":{"line":2,"column":12},"end":{"line":2,"column":33}},"2":{"start":{"line":3,"column":15},"end":{"line":3,"column":39}},"3":{"start":{"line":4,"column":24},"end":{"line":4,"column":60}},"4":{"start":{"line":6,"column":15},"end":{"line":6,"column":25}},"5":{"start":{"line":8,"column":0},"end":{"line":42,"column":2}},"6":{"start":{"line":9,"column":19},"end":{"line":9,"column":35}},"7":{"start":{"line":11,"column":4},"end":{"line":28,"column":7}},"8":{"start":{"line":12,"column":8},"end":{"line":27,"column":35}},"9":{"start":{"line":15,"column":12},"end":{"line":15,"column":78}},"10":{"start":{"line":15,"column":23},"end":{"line":15,"column":78}},"11":{"start":{"line":16,"column":12},"end":{"line":26,"column":74}},"12":{"start":{"line":17,"column":32},"end":{"line":21,"column":17}},"13":{"start":{"line":22,"column":30},"end":{"line":22,"column":57}},"14":{"start":{"line":23,"column":16},"end":{"line":25,"column":19}},"15":{"start":{"line":26,"column":19},"end":{"line":26,"column":74}},"16":{"start":{"line":27,"column":24},"end":{"line":27,"column":33}},"17":{"start":{"line":30,"column":4},"end":{"line":38,"column":7}},"18":{"start":{"line":32,"column":8},"end":{"line":37,"column":9}},"19":{"start":{"line":33,"column":27},"end":{"line":33,"column":65}},"20":{"start":{"line":34,"column":12},"end":{"line":34,"column":51}},"21":{"start":{"line":36,"column":12},"end":{"line":36,"column":29}},"22":{"start":{"line":40,"column":4},"end":{"line":40,"column":18}}},"fnMap":{"0":{"name":"(anonymous_0)","decl":{"start":{"line":8,"column":17},"end":{"line":8,"column":18}},"loc":{"start":{"line":8,"column":26},"end":{"line":42,"column":1}},"line":8},"1":{"name":"(anonymous_1)","decl":{"start":{"line":11,"column":27},"end":{"line":11,"column":28}},"loc":{"start":{"line":11,"column":47},"end":{"line":28,"column":5}},"line":11},"2":{"name":"(anonymous_2)","decl":{"start":{"line":14,"column":16},"end":{"line":14,"column":17}},"loc":{"start":{"line":14,"column":26},"end":{"line":27,"column":9}},"line":14},"3":{"name":"(anonymous_3)","decl":{"start":{"line":27,"column":17},"end":{"line":27,"column":18}},"loc":{"start":{"line":27,"column":24},"end":{"line":27,"column":33}},"line":27},"4":{"name":"(anonymous_4)","decl":{"start":{"line":30,"column":27},"end":{"line":30,"column":28}},"loc":{"start":{"line":30,"column":53},"end":{"line":38,"column":5}},"line":30}},"branchMap":{"0":{"loc":{"start":{"line":15,"column":12},"end":{"line":15,"column":78}},"type":"if","locations":[{"start":{"line":15,"column":12},"end":{"line":15,"column":78}},{"start":{"line":15,"column":12},"end":{"line":15,"column":78}}],"line":15},"1":{"loc":{"start":{"line":16,"column":12},"end":{"line":26,"column":74}},"type":"if","locations":[{"start":{"line":16,"column":12},"end":{"line":26,"column":74}},{"start":{"line":16,"column":12},"end":{"line":26,"column":74}}],"line":16}},"s":{"0":7,"1":7,"2":7,"3":7,"4":7,"5":7,"6":7,"7":7,"8":3,"9":3,"10":1,"11":2,"12":1,"13":1,"14":1,"15":1,"16":2,"17":7,"18":1,"19":1,"20":1,"21":0,"22":7},"f":{"0":7,"1":3,"2":3,"3":2,"4":1},"b":{"0":[1,2],"1":[1,1]},"_coverageSchema":"332fd63041d2c1bcb487cc26dd0d5f7d97098a6c","hash":"5ef9c1a01df34b573aa2843eb0c7c53fba2fda4a"}
,"C:\\cursos\\Api_barriga\\src\\routes\\balance.js": {"path":"C:\\cursos\\Api_barriga\\src\\routes\\balance.js","statementMap":{"0":{"start":{"line":1,"column":16},"end":{"line":1,"column":34}},"1":{"start":{"line":3,"column":0},"end":{"line":13,"column":2}},"2":{"start":{"line":4,"column":19},"end":{"line":4,"column":35}},"3":{"start":{"line":6,"column":4},"end":{"line":10,"column":7}},"4":{"start":{"line":7,"column":8},"end":{"line":9,"column":37}},"5":{"start":{"line":8,"column":28},"end":{"line":8,"column":56}},"6":{"start":{"line":9,"column":26},"end":{"line":9,"column":35}},"7":{"start":{"line":12,"column":4},"end":{"line":12,"column":18}}},"fnMap":{"0":{"name":"(anonymous_0)","decl":{"start":{"line":3,"column":17},"end":{"line":3,"column":18}},"loc":{"start":{"line":3,"column":26},"end":{"line":13,"column":1}},"line":3},"1":{"name":"(anonymous_1)","decl":{"start":{"line":6,"column":20},"end":{"line":6,"column":21}},"loc":{"start":{"line":6,"column":40},"end":{"line":10,"column":5}},"line":6},"2":{"name":"(anonymous_2)","decl":{"start":{"line":8,"column":18},"end":{"line":8,"column":19}},"loc":{"start":{"line":8,"column":28},"end":{"line":8,"column":56}},"line":8},"3":{"name":"(anonymous_3)","decl":{"start":{"line":9,"column":19},"end":{"line":9,"column":20}},"loc":{"start":{"line":9,"column":26},"end":{"line":9,"column":35}},"line":9}},"branchMap":{},"s":{"0":7,"1":7,"2":7,"3":7,"4":10,"5":10,"6":0,"7":7},"f":{"0":7,"1":10,"2":10,"3":0},"b":{},"_coverageSchema":"332fd63041d2c1bcb487cc26dd0d5f7d97098a6c","hash":"322d06d4fef37ea5beef796ac00fa4d8b18b763e"}
,"C:\\cursos\\Api_barriga\\src\\routes\\transactions.js": {"path":"C:\\cursos\\Api_barriga\\src\\routes\\transactions.js","statementMap":{"0":{"start":{"line":1,"column":16},"end":{"line":1,"column":34}},"1":{"start":{"line":2,"column":29},"end":{"line":2,"column":70}},"2":{"start":{"line":4,"column":0},"end":{"line":50,"column":2}},"3":{"start":{"line":5,"column":19},"end":{"line":5,"column":35}},"4":{"start":{"line":7,"column":4},"end":{"line":14,"column":7}},"5":{"start":{"line":8,"column":8},"end":{"line":13,"column":35}},"6":{"start":{"line":11,"column":12},"end":{"line":12,"column":50}},"7":{"start":{"line":11,"column":35},"end":{"line":11,"column":42}},"8":{"start":{"line":12,"column":17},"end":{"line":12,"column":50}},"9":{"start":{"line":13,"column":24},"end":{"line":13,"column":33}},"10":{"start":{"line":16,"column":4},"end":{"line":21,"column":7}},"11":{"start":{"line":17,"column":8},"end":{"line":19,"column":37}},"12":{"start":{"line":18,"column":28},"end":{"line":18,"column":56}},"13":{"start":{"line":19,"column":26},"end":{"line":19,"column":35}},"14":{"start":{"line":23,"column":4},"end":{"line":27,"column":7}},"15":{"start":{"line":24,"column":8},"end":{"line":26,"column":37}},"16":{"start":{"line":25,"column":28},"end":{"line":25,"column":59}},"17":{"start":{"line":26,"column":26},"end":{"line":26,"column":35}},"18":{"start":{"line":29,"column":4},"end":{"line":35,"column":7}},"19":{"start":{"line":30,"column":8},"end":{"line":34,"column":37}},"20":{"start":{"line":33,"column":28},"end":{"line":33,"column":56}},"21":{"start":{"line":34,"column":26},"end":{"line":34,"column":35}},"22":{"start":{"line":37,"column":4},"end":{"line":41,"column":7}},"23":{"start":{"line":38,"column":8},"end":{"line":40,"column":37}},"24":{"start":{"line":39,"column":28},"end":{"line":39,"column":59}},"25":{"start":{"line":40,"column":26},"end":{"line":40,"column":35}},"26":{"start":{"line":43,"column":4},"end":{"line":47,"column":7}},"27":{"start":{"line":44,"column":8},"end":{"line":46,"column":37}},"28":{"start":{"line":45,"column":24},"end":{"line":45,"column":46}},"29":{"start":{"line":46,"column":26},"end":{"line":46,"column":35}},"30":{"start":{"line":49,"column":4},"end":{"line":49,"column":18}}},"fnMap":{"0":{"name":"(anonymous_0)","decl":{"start":{"line":4,"column":17},"end":{"line":4,"column":18}},"loc":{"start":{"line":4,"column":26},"end":{"line":50,"column":1}},"line":4},"1":{"name":"(anonymous_1)","decl":{"start":{"line":7,"column":23},"end":{"line":7,"column":24}},"loc":{"start":{"line":7,"column":43},"end":{"line":14,"column":5}},"line":7},"2":{"name":"(anonymous_2)","decl":{"start":{"line":10,"column":16},"end":{"line":10,"column":17}},"loc":{"start":{"line":10,"column":28},"end":{"line":13,"column":9}},"line":10},"3":{"name":"(anonymous_3)","decl":{"start":{"line":13,"column":17},"end":{"line":13,"column":18}},"loc":{"start":{"line":13,"column":24},"end":{"line":13,"column":33}},"line":13},"4":{"name":"(anonymous_4)","decl":{"start":{"line":16,"column":20},"end":{"line":16,"column":21}},"loc":{"start":{"line":16,"column":40},"end":{"line":21,"column":5}},"line":16},"5":{"name":"(anonymous_5)","decl":{"start":{"line":18,"column":18},"end":{"line":18,"column":19}},"loc":{"start":{"line":18,"column":28},"end":{"line":18,"column":56}},"line":18},"6":{"name":"(anonymous_6)","decl":{"start":{"line":19,"column":19},"end":{"line":19,"column":20}},"loc":{"start":{"line":19,"column":26},"end":{"line":19,"column":35}},"line":19},"7":{"name":"(anonymous_7)","decl":{"start":{"line":23,"column":21},"end":{"line":23,"column":22}},"loc":{"start":{"line":23,"column":41},"end":{"line":27,"column":5}},"line":23},"8":{"name":"(anonymous_8)","decl":{"start":{"line":25,"column":18},"end":{"line":25,"column":19}},"loc":{"start":{"line":25,"column":28},"end":{"line":25,"column":59}},"line":25},"9":{"name":"(anonymous_9)","decl":{"start":{"line":26,"column":19},"end":{"line":26,"column":20}},"loc":{"start":{"line":26,"column":26},"end":{"line":26,"column":35}},"line":26},"10":{"name":"(anonymous_10)","decl":{"start":{"line":29,"column":23},"end":{"line":29,"column":24}},"loc":{"start":{"line":29,"column":43},"end":{"line":35,"column":5}},"line":29},"11":{"name":"(anonymous_11)","decl":{"start":{"line":33,"column":18},"end":{"line":33,"column":19}},"loc":{"start":{"line":33,"column":28},"end":{"line":33,"column":56}},"line":33},"12":{"name":"(anonymous_12)","decl":{"start":{"line":34,"column":19},"end":{"line":34,"column":20}},"loc":{"start":{"line":34,"column":26},"end":{"line":34,"column":35}},"line":34},"13":{"name":"(anonymous_13)","decl":{"start":{"line":37,"column":23},"end":{"line":37,"column":24}},"loc":{"start":{"line":37,"column":43},"end":{"line":41,"column":5}},"line":37},"14":{"name":"(anonymous_14)","decl":{"start":{"line":39,"column":18},"end":{"line":39,"column":19}},"loc":{"start":{"line":39,"column":28},"end":{"line":39,"column":59}},"line":39},"15":{"name":"(anonymous_15)","decl":{"start":{"line":40,"column":19},"end":{"line":40,"column":20}},"loc":{"start":{"line":40,"column":26},"end":{"line":40,"column":35}},"line":40},"16":{"name":"(anonymous_16)","decl":{"start":{"line":43,"column":26},"end":{"line":43,"column":27}},"loc":{"start":{"line":43,"column":46},"end":{"line":47,"column":5}},"line":43},"17":{"name":"(anonymous_17)","decl":{"start":{"line":45,"column":18},"end":{"line":45,"column":19}},"loc":{"start":{"line":45,"column":24},"end":{"line":45,"column":46}},"line":45},"18":{"name":"(anonymous_18)","decl":{"start":{"line":46,"column":19},"end":{"line":46,"column":20}},"loc":{"start":{"line":46,"column":26},"end":{"line":46,"column":35}},"line":46}},"branchMap":{"0":{"loc":{"start":{"line":11,"column":12},"end":{"line":12,"column":50}},"type":"if","locations":[{"start":{"line":11,"column":12},"end":{"line":12,"column":50}},{"start":{"line":11,"column":12},"end":{"line":12,"column":50}}],"line":11}},"s":{"0":7,"1":7,"2":7,"3":7,"4":7,"5":4,"6":4,"7":3,"8":1,"9":1,"10":7,"11":1,"12":1,"13":0,"14":7,"15":16,"16":10,"17":0,"18":7,"19":1,"20":1,"21":0,"22":7,"23":1,"24":1,"25":0,"26":7,"27":1,"28":1,"29":0,"30":7},"f":{"0":7,"1":4,"2":4,"3":1,"4":1,"5":1,"6":0,"7":16,"8":10,"9":0,"10":1,"11":1,"12":0,"13":1,"14":1,"15":0,"16":1,"17":1,"18":0},"b":{"0":[3,1]},"_coverageSchema":"332fd63041d2c1bcb487cc26dd0d5f7d97098a6c","hash":"ed81ad7dd03b3bcc73b933e131c2da5895e80f82"}
,"C:\\cursos\\Api_barriga\\src\\routes\\transfers.js": {"path":"C:\\cursos\\Api_barriga\\src\\routes\\transfers.js","statementMap":{"0":{"start":{"line":1,"column":16},"end":{"line":1,"column":34}},"1":{"start":{"line":2,"column":29},"end":{"line":2,"column":70}},"2":{"start":{"line":5,"column":0},"end":{"line":71,"column":2}},"3":{"start":{"line":6,"column":19},"end":{"line":6,"column":35}},"4":{"start":{"line":8,"column":4},"end":{"line":16,"column":7}},"5":{"start":{"line":9,"column":8},"end":{"line":15,"column":39}},"6":{"start":{"line":13,"column":16},"end":{"line":13,"column":85}},"7":{"start":{"line":13,"column":52},"end":{"line":13,"column":85}},"8":{"start":{"line":14,"column":16},"end":{"line":14,"column":23}},"9":{"start":{"line":15,"column":28},"end":{"line":15,"column":37}},"10":{"start":{"line":18,"column":21},"end":{"line":25,"column":5}},"11":{"start":{"line":19,"column":8},"end":{"line":24,"column":37}},"12":{"start":{"line":23,"column":24},"end":{"line":23,"column":30}},"13":{"start":{"line":24,"column":26},"end":{"line":24,"column":35}},"14":{"start":{"line":28,"column":4},"end":{"line":34,"column":7}},"15":{"start":{"line":29,"column":8},"end":{"line":33,"column":37}},"16":{"start":{"line":32,"column":28},"end":{"line":32,"column":56}},"17":{"start":{"line":33,"column":26},"end":{"line":33,"column":35}},"18":{"start":{"line":37,"column":4},"end":{"line":45,"column":7}},"19":{"start":{"line":38,"column":25},"end":{"line":41,"column":9}},"20":{"start":{"line":42,"column":8},"end":{"line":44,"column":37}},"21":{"start":{"line":43,"column":28},"end":{"line":43,"column":59}},"22":{"start":{"line":44,"column":26},"end":{"line":44,"column":35}},"23":{"start":{"line":47,"column":4},"end":{"line":53,"column":7}},"24":{"start":{"line":48,"column":8},"end":{"line":52,"column":37}},"25":{"start":{"line":51,"column":28},"end":{"line":51,"column":56}},"26":{"start":{"line":52,"column":26},"end":{"line":52,"column":35}},"27":{"start":{"line":55,"column":4},"end":{"line":62,"column":7}},"28":{"start":{"line":56,"column":8},"end":{"line":61,"column":37}},"29":{"start":{"line":60,"column":28},"end":{"line":60,"column":59}},"30":{"start":{"line":61,"column":26},"end":{"line":61,"column":35}},"31":{"start":{"line":64,"column":4},"end":{"line":68,"column":7}},"32":{"start":{"line":65,"column":8},"end":{"line":67,"column":37}},"33":{"start":{"line":66,"column":24},"end":{"line":66,"column":46}},"34":{"start":{"line":67,"column":26},"end":{"line":67,"column":35}},"35":{"start":{"line":70,"column":4},"end":{"line":70,"column":18}}},"fnMap":{"0":{"name":"(anonymous_0)","decl":{"start":{"line":5,"column":17},"end":{"line":5,"column":18}},"loc":{"start":{"line":5,"column":26},"end":{"line":71,"column":1}},"line":5},"1":{"name":"(anonymous_1)","decl":{"start":{"line":8,"column":23},"end":{"line":8,"column":24}},"loc":{"start":{"line":8,"column":43},"end":{"line":16,"column":5}},"line":8},"2":{"name":"(anonymous_2)","decl":{"start":{"line":12,"column":18},"end":{"line":12,"column":19}},"loc":{"start":{"line":12,"column":30},"end":{"line":15,"column":13}},"line":12},"3":{"name":"(anonymous_3)","decl":{"start":{"line":15,"column":21},"end":{"line":15,"column":22}},"loc":{"start":{"line":15,"column":28},"end":{"line":15,"column":37}},"line":15},"4":{"name":"(anonymous_4)","decl":{"start":{"line":18,"column":21},"end":{"line":18,"column":22}},"loc":{"start":{"line":18,"column":41},"end":{"line":25,"column":5}},"line":18},"5":{"name":"(anonymous_5)","decl":{"start":{"line":23,"column":18},"end":{"line":23,"column":19}},"loc":{"start":{"line":23,"column":24},"end":{"line":23,"column":30}},"line":23},"6":{"name":"(anonymous_6)","decl":{"start":{"line":24,"column":19},"end":{"line":24,"column":20}},"loc":{"start":{"line":24,"column":26},"end":{"line":24,"column":35}},"line":24},"7":{"name":"(anonymous_7)","decl":{"start":{"line":28,"column":20},"end":{"line":28,"column":21}},"loc":{"start":{"line":28,"column":40},"end":{"line":34,"column":5}},"line":28},"8":{"name":"(anonymous_8)","decl":{"start":{"line":32,"column":18},"end":{"line":32,"column":19}},"loc":{"start":{"line":32,"column":28},"end":{"line":32,"column":56}},"line":32},"9":{"name":"(anonymous_9)","decl":{"start":{"line":33,"column":19},"end":{"line":33,"column":20}},"loc":{"start":{"line":33,"column":26},"end":{"line":33,"column":35}},"line":33},"10":{"name":"(anonymous_10)","decl":{"start":{"line":37,"column":31},"end":{"line":37,"column":32}},"loc":{"start":{"line":37,"column":51},"end":{"line":45,"column":5}},"line":37},"11":{"name":"(anonymous_11)","decl":{"start":{"line":43,"column":18},"end":{"line":43,"column":19}},"loc":{"start":{"line":43,"column":28},"end":{"line":43,"column":59}},"line":43},"12":{"name":"(anonymous_12)","decl":{"start":{"line":44,"column":19},"end":{"line":44,"column":20}},"loc":{"start":{"line":44,"column":26},"end":{"line":44,"column":35}},"line":44},"13":{"name":"(anonymous_13)","decl":{"start":{"line":47,"column":23},"end":{"line":47,"column":24}},"loc":{"start":{"line":47,"column":43},"end":{"line":53,"column":5}},"line":47},"14":{"name":"(anonymous_14)","decl":{"start":{"line":51,"column":18},"end":{"line":51,"column":19}},"loc":{"start":{"line":51,"column":28},"end":{"line":51,"column":56}},"line":51},"15":{"name":"(anonymous_15)","decl":{"start":{"line":52,"column":19},"end":{"line":52,"column":20}},"loc":{"start":{"line":52,"column":26},"end":{"line":52,"column":35}},"line":52},"16":{"name":"(anonymous_16)","decl":{"start":{"line":55,"column":33},"end":{"line":55,"column":34}},"loc":{"start":{"line":55,"column":53},"end":{"line":62,"column":5}},"line":55},"17":{"name":"(anonymous_17)","decl":{"start":{"line":60,"column":18},"end":{"line":60,"column":19}},"loc":{"start":{"line":60,"column":28},"end":{"line":60,"column":59}},"line":60},"18":{"name":"(anonymous_18)","decl":{"start":{"line":61,"column":19},"end":{"line":61,"column":20}},"loc":{"start":{"line":61,"column":26},"end":{"line":61,"column":35}},"line":61},"19":{"name":"(anonymous_19)","decl":{"start":{"line":64,"column":26},"end":{"line":64,"column":27}},"loc":{"start":{"line":64,"column":46},"end":{"line":68,"column":5}},"line":64},"20":{"name":"(anonymous_20)","decl":{"start":{"line":66,"column":18},"end":{"line":66,"column":19}},"loc":{"start":{"line":66,"column":24},"end":{"line":66,"column":46}},"line":66},"21":{"name":"(anonymous_21)","decl":{"start":{"line":67,"column":19},"end":{"line":67,"column":20}},"loc":{"start":{"line":67,"column":26},"end":{"line":67,"column":35}},"line":67}},"branchMap":{"0":{"loc":{"start":{"line":13,"column":16},"end":{"line":13,"column":85}},"type":"if","locations":[{"start":{"line":13,"column":16},"end":{"line":13,"column":85}},{"start":{"line":13,"column":16},"end":{"line":13,"column":85}}],"line":13}},"s":{"0":7,"1":7,"2":7,"3":7,"4":7,"5":11,"6":11,"7":1,"8":10,"9":1,"10":7,"11":18,"12":4,"13":14,"14":7,"15":1,"16":1,"17":0,"18":7,"19":3,"20":3,"21":3,"22":0,"23":7,"24":1,"25":1,"26":0,"27":7,"28":1,"29":1,"30":0,"31":7,"32":1,"33":1,"34":0,"35":7},"f":{"0":7,"1":11,"2":11,"3":1,"4":18,"5":4,"6":14,"7":1,"8":1,"9":0,"10":3,"11":3,"12":0,"13":1,"14":1,"15":0,"16":1,"17":1,"18":0,"19":1,"20":1,"21":0},"b":{"0":[1,10]},"_coverageSchema":"332fd63041d2c1bcb487cc26dd0d5f7d97098a6c","hash":"31fe76c04e09ab9f62467cdb32f16e7298550d21"}
,"C:\\cursos\\Api_barriga\\src\\routes\\users.js": {"path":"C:\\cursos\\Api_barriga\\src\\routes\\users.js","statementMap":{"0":{"start":{"line":1,"column":16},"end":{"line":1,"column":34}},"1":{"start":{"line":3,"column":0},"end":{"line":24,"column":2}},"2":{"start":{"line":4,"column":19},"end":{"line":4,"column":35}},"3":{"start":{"line":6,"column":4},"end":{"line":10,"column":7}},"4":{"start":{"line":7,"column":8},"end":{"line":9,"column":37}},"5":{"start":{"line":8,"column":28},"end":{"line":8,"column":56}},"6":{"start":{"line":9,"column":26},"end":{"line":9,"column":35}},"7":{"start":{"line":12,"column":4},"end":{"line":20,"column":7}},"8":{"start":{"line":14,"column":8},"end":{"line":19,"column":9}},"9":{"start":{"line":15,"column":27},"end":{"line":15,"column":65}},"10":{"start":{"line":16,"column":12},"end":{"line":16,"column":51}},"11":{"start":{"line":18,"column":12},"end":{"line":18,"column":29}},"12":{"start":{"line":23,"column":4},"end":{"line":23,"column":18}}},"fnMap":{"0":{"name":"(anonymous_0)","decl":{"start":{"line":3,"column":17},"end":{"line":3,"column":18}},"loc":{"start":{"line":3,"column":26},"end":{"line":24,"column":1}},"line":3},"1":{"name":"(anonymous_1)","decl":{"start":{"line":6,"column":20},"end":{"line":6,"column":21}},"loc":{"start":{"line":6,"column":40},"end":{"line":10,"column":5}},"line":6},"2":{"name":"(anonymous_2)","decl":{"start":{"line":8,"column":18},"end":{"line":8,"column":19}},"loc":{"start":{"line":8,"column":28},"end":{"line":8,"column":56}},"line":8},"3":{"name":"(anonymous_3)","decl":{"start":{"line":9,"column":19},"end":{"line":9,"column":20}},"loc":{"start":{"line":9,"column":26},"end":{"line":9,"column":35}},"line":9},"4":{"name":"(anonymous_4)","decl":{"start":{"line":12,"column":21},"end":{"line":12,"column":22}},"loc":{"start":{"line":12,"column":47},"end":{"line":20,"column":5}},"line":12}},"branchMap":{},"s":{"0":7,"1":7,"2":7,"3":7,"4":1,"5":1,"6":0,"7":7,"8":6,"9":6,"10":2,"11":4,"12":7},"f":{"0":7,"1":1,"2":1,"3":0,"4":6},"b":{},"_coverageSchema":"332fd63041d2c1bcb487cc26dd0d5f7d97098a6c","hash":"2e7f6a885be276de8e3826e3f86303e29dde697f"}
,"C:\\cursos\\Api_barriga\\src\\seeds\\01_transfer.js": {"path":"C:\\cursos\\Api_barriga\\src\\seeds\\01_transfer.js","statementMap":{"0":{"start":{"line":1,"column":0},"end":{"line":92,"column":2}},"1":{"start":{"line":2,"column":2},"end":{"line":91,"column":8}},"2":{"start":{"line":3,"column":16},"end":{"line":3,"column":39}},"3":{"start":{"line":4,"column":16},"end":{"line":4,"column":38}},"4":{"start":{"line":5,"column":16},"end":{"line":5,"column":35}},"5":{"start":{"line":6,"column":16},"end":{"line":18,"column":6}},"6":{"start":{"line":19,"column":16},"end":{"line":39,"column":6}},"7":{"start":{"line":40,"column":16},"end":{"line":58,"column":6}},"8":{"start":{"line":59,"column":16},"end":{"line":91,"column":6}}},"fnMap":{"0":{"name":"(anonymous_0)","decl":{"start":{"line":1,"column":15},"end":{"line":1,"column":16}},"loc":{"start":{"line":1,"column":25},"end":{"line":92,"column":1}},"line":1},"1":{"name":"(anonymous_1)","decl":{"start":{"line":3,"column":10},"end":{"line":3,"column":11}},"loc":{"start":{"line":3,"column":16},"end":{"line":3,"column":39}},"line":3},"2":{"name":"(anonymous_2)","decl":{"start":{"line":4,"column":10},"end":{"line":4,"column":11}},"loc":{"start":{"line":4,"column":16},"end":{"line":4,"column":38}},"line":4},"3":{"name":"(anonymous_3)","decl":{"start":{"line":5,"column":10},"end":{"line":5,"column":11}},"loc":{"start":{"line":5,"column":16},"end":{"line":5,"column":35}},"line":5},"4":{"name":"(anonymous_4)","decl":{"start":{"line":6,"column":10},"end":{"line":6,"column":11}},"loc":{"start":{"line":6,"column":16},"end":{"line":18,"column":6}},"line":6},"5":{"name":"(anonymous_5)","decl":{"start":{"line":19,"column":10},"end":{"line":19,"column":11}},"loc":{"start":{"line":19,"column":16},"end":{"line":39,"column":6}},"line":19},"6":{"name":"(anonymous_6)","decl":{"start":{"line":40,"column":10},"end":{"line":40,"column":11}},"loc":{"start":{"line":40,"column":16},"end":{"line":58,"column":6}},"line":40},"7":{"name":"(anonymous_7)","decl":{"start":{"line":59,"column":10},"end":{"line":59,"column":11}},"loc":{"start":{"line":59,"column":16},"end":{"line":91,"column":6}},"line":59}},"branchMap":{},"s":{"0":2,"1":2,"2":2,"3":2,"4":2,"5":2,"6":2,"7":2,"8":2},"f":{"0":2,"1":2,"2":2,"3":2,"4":2,"5":2,"6":2,"7":2},"b":{},"_coverageSchema":"332fd63041d2c1bcb487cc26dd0d5f7d97098a6c","hash":"a41b9a366f051d528a8403604e092497f09ce883"}
,"C:\\cursos\\Api_barriga\\src\\seeds\\02_balance.js": {"path":"C:\\cursos\\Api_barriga\\src\\seeds\\02_balance.js","statementMap":{"0":{"start":{"line":1,"column":15},"end":{"line":1,"column":32}},"1":{"start":{"line":3,"column":0},"end":{"line":176,"column":2}},"2":{"start":{"line":4,"column":2},"end":{"line":175,"column":8}},"3":{"start":{"line":23,"column":16},"end":{"line":53,"column":6}},"4":{"start":{"line":54,"column":16},"end":{"line":72,"column":6}},"5":{"start":{"line":73,"column":16},"end":{"line":175,"column":6}}},"fnMap":{"0":{"name":"(anonymous_0)","decl":{"start":{"line":3,"column":15},"end":{"line":3,"column":16}},"loc":{"start":{"line":3,"column":25},"end":{"line":176,"column":1}},"line":3},"1":{"name":"(anonymous_1)","decl":{"start":{"line":23,"column":10},"end":{"line":23,"column":11}},"loc":{"start":{"line":23,"column":16},"end":{"line":53,"column":6}},"line":23},"2":{"name":"(anonymous_2)","decl":{"start":{"line":54,"column":10},"end":{"line":54,"column":11}},"loc":{"start":{"line":54,"column":16},"end":{"line":72,"column":6}},"line":54},"3":{"name":"(anonymous_3)","decl":{"start":{"line":73,"column":10},"end":{"line":73,"column":11}},"loc":{"start":{"line":73,"column":16},"end":{"line":175,"column":6}},"line":73}},"branchMap":{},"s":{"0":2,"1":2,"2":2,"3":2,"4":2,"5":2},"f":{"0":2,"1":2,"2":2,"3":2},"b":{},"_coverageSchema":"332fd63041d2c1bcb487cc26dd0d5f7d97098a6c","hash":"3babda471a02850260b521f41fe5dc7fe5851961"}
,"C:\\cursos\\Api_barriga\\src\\services\\account.js": {"path":"C:\\cursos\\Api_barriga\\src\\services\\account.js","statementMap":{"0":{"start":{"line":1,"column":24},"end":{"line":1,"column":60}},"1":{"start":{"line":2,"column":0},"end":{"line":54,"column":2}},"2":{"start":{"line":3,"column":20},"end":{"line":7,"column":5}},"3":{"start":{"line":4,"column":8},"end":{"line":6,"column":11}},"4":{"start":{"line":9,"column":17},"end":{"line":11,"column":5}},"5":{"start":{"line":10,"column":8},"end":{"line":10,"column":56}},"6":{"start":{"line":13,"column":17},"end":{"line":24,"column":5}},"7":{"start":{"line":14,"column":8},"end":{"line":14,"column":87}},"8":{"start":{"line":14,"column":27},"end":{"line":14,"column":87}},"9":{"start":{"line":16,"column":22},"end":{"line":19,"column":10}},"10":{"start":{"line":20,"column":8},"end":{"line":20,"column":82}},"11":{"start":{"line":20,"column":19},"end":{"line":20,"column":82}},"12":{"start":{"line":23,"column":8},"end":{"line":23,"column":55}},"13":{"start":{"line":26,"column":19},"end":{"line":32,"column":5}},"14":{"start":{"line":27,"column":8},"end":{"line":31,"column":34}},"15":{"start":{"line":34,"column":19},"end":{"line":44,"column":5}},"16":{"start":{"line":35,"column":28},"end":{"line":37,"column":10}},"17":{"start":{"line":38,"column":8},"end":{"line":38,"column":94}},"18":{"start":{"line":38,"column":25},"end":{"line":38,"column":94}},"19":{"start":{"line":39,"column":8},"end":{"line":43,"column":19}},"20":{"start":{"line":47,"column":4},"end":{"line":53,"column":6}}},"fnMap":{"0":{"name":"(anonymous_0)","decl":{"start":{"line":2,"column":17},"end":{"line":2,"column":18}},"loc":{"start":{"line":2,"column":26},"end":{"line":54,"column":1}},"line":2},"1":{"name":"(anonymous_1)","decl":{"start":{"line":3,"column":20},"end":{"line":3,"column":21}},"loc":{"start":{"line":3,"column":32},"end":{"line":7,"column":5}},"line":3},"2":{"name":"(anonymous_2)","decl":{"start":{"line":9,"column":17},"end":{"line":9,"column":18}},"loc":{"start":{"line":9,"column":34},"end":{"line":11,"column":5}},"line":9},"3":{"name":"(anonymous_3)","decl":{"start":{"line":13,"column":17},"end":{"line":13,"column":18}},"loc":{"start":{"line":13,"column":36},"end":{"line":24,"column":5}},"line":13},"4":{"name":"(anonymous_4)","decl":{"start":{"line":26,"column":19},"end":{"line":26,"column":20}},"loc":{"start":{"line":26,"column":36},"end":{"line":32,"column":5}},"line":26},"5":{"name":"(anonymous_5)","decl":{"start":{"line":34,"column":19},"end":{"line":34,"column":20}},"loc":{"start":{"line":34,"column":33},"end":{"line":44,"column":5}},"line":34}},"branchMap":{"0":{"loc":{"start":{"line":9,"column":18},"end":{"line":9,"column":29}},"type":"default-arg","locations":[{"start":{"line":9,"column":27},"end":{"line":9,"column":29}}],"line":9},"1":{"loc":{"start":{"line":14,"column":8},"end":{"line":14,"column":87}},"type":"if","locations":[{"start":{"line":14,"column":8},"end":{"line":14,"column":87}},{"start":{"line":14,"column":8},"end":{"line":14,"column":87}}],"line":14},"2":{"loc":{"start":{"line":20,"column":8},"end":{"line":20,"column":82}},"type":"if","locations":[{"start":{"line":20,"column":8},"end":{"line":20,"column":82}},{"start":{"line":20,"column":8},"end":{"line":20,"column":82}}],"line":20},"3":{"loc":{"start":{"line":38,"column":8},"end":{"line":38,"column":94}},"type":"if","locations":[{"start":{"line":38,"column":8},"end":{"line":38,"column":94}},{"start":{"line":38,"column":8},"end":{"line":38,"column":94}}],"line":38}},"s":{"0":7,"1":7,"2":7,"3":1,"4":7,"5":10,"6":7,"7":3,"8":1,"9":2,"10":2,"11":1,"12":1,"13":7,"14":1,"15":7,"16":2,"17":2,"18":1,"19":1,"20":7},"f":{"0":7,"1":1,"2":10,"3":3,"4":1,"5":2},"b":{"0":[0],"1":[1,2],"2":[1,1],"3":[1,1]},"_coverageSchema":"332fd63041d2c1bcb487cc26dd0d5f7d97098a6c","hash":"aae1a19b1c1f5ef9664af3fcae3057bd67871e48"}
,"C:\\cursos\\Api_barriga\\src\\services\\balance.js": {"path":"C:\\cursos\\Api_barriga\\src\\services\\balance.js","statementMap":{"0":{"start":{"line":1,"column":0},"end":{"line":17,"column":2}},"1":{"start":{"line":2,"column":21},"end":{"line":12,"column":5}},"2":{"start":{"line":3,"column":8},"end":{"line":11,"column":31}},"3":{"start":{"line":14,"column":4},"end":{"line":16,"column":6}}},"fnMap":{"0":{"name":"(anonymous_0)","decl":{"start":{"line":1,"column":17},"end":{"line":1,"column":18}},"loc":{"start":{"line":1,"column":26},"end":{"line":17,"column":1}},"line":1},"1":{"name":"(anonymous_1)","decl":{"start":{"line":2,"column":21},"end":{"line":2,"column":22}},"loc":{"start":{"line":2,"column":33},"end":{"line":12,"column":5}},"line":2}},"branchMap":{},"s":{"0":7,"1":7,"2":10,"3":7},"f":{"0":7,"1":10},"b":{},"_coverageSchema":"332fd63041d2c1bcb487cc26dd0d5f7d97098a6c","hash":"61d2f937bf787f90c94cee9f2da9f6398b99c5d0"}
,"C:\\cursos\\Api_barriga\\src\\services\\transaction.js": {"path":"C:\\cursos\\Api_barriga\\src\\services\\transaction.js","statementMap":{"0":{"start":{"line":1,"column":21},"end":{"line":1,"column":54}},"1":{"start":{"line":2,"column":24},"end":{"line":2,"column":60}},"2":{"start":{"line":4,"column":0},"end":{"line":64,"column":2}},"3":{"start":{"line":5,"column":17},"end":{"line":11,"column":5}},"4":{"start":{"line":6,"column":8},"end":{"line":10,"column":22}},"5":{"start":{"line":13,"column":20},"end":{"line":17,"column":5}},"6":{"start":{"line":14,"column":8},"end":{"line":16,"column":21}},"7":{"start":{"line":19,"column":17},"end":{"line":38,"column":5}},"8":{"start":{"line":20,"column":8},"end":{"line":20,"column":103}},"9":{"start":{"line":20,"column":38},"end":{"line":20,"column":103}},"10":{"start":{"line":21,"column":8},"end":{"line":21,"column":95}},"11":{"start":{"line":21,"column":34},"end":{"line":21,"column":95}},"12":{"start":{"line":22,"column":8},"end":{"line":22,"column":91}},"13":{"start":{"line":22,"column":31},"end":{"line":22,"column":91}},"14":{"start":{"line":23,"column":8},"end":{"line":23,"column":94}},"15":{"start":{"line":23,"column":33},"end":{"line":23,"column":94}},"16":{"start":{"line":24,"column":8},"end":{"line":24,"column":91}},"17":{"start":{"line":24,"column":31},"end":{"line":24,"column":91}},"18":{"start":{"line":25,"column":8},"end":{"line":25,"column":112}},"19":{"start":{"line":25,"column":69},"end":{"line":25,"column":112}},"20":{"start":{"line":27,"column":31},"end":{"line":29,"column":9}},"21":{"start":{"line":31,"column":8},"end":{"line":34,"column":9}},"22":{"start":{"line":33,"column":12},"end":{"line":33,"column":41}},"23":{"start":{"line":36,"column":8},"end":{"line":37,"column":41}},"24":{"start":{"line":40,"column":19},"end":{"line":46,"column":5}},"25":{"start":{"line":41,"column":8},"end":{"line":45,"column":38}},"26":{"start":{"line":48,"column":19},"end":{"line":54,"column":5}},"27":{"start":{"line":49,"column":8},"end":{"line":53,"column":19}},"28":{"start":{"line":57,"column":4},"end":{"line":63,"column":6}}},"fnMap":{"0":{"name":"(anonymous_0)","decl":{"start":{"line":4,"column":17},"end":{"line":4,"column":18}},"loc":{"start":{"line":4,"column":26},"end":{"line":64,"column":1}},"line":4},"1":{"name":"(anonymous_1)","decl":{"start":{"line":5,"column":17},"end":{"line":5,"column":18}},"loc":{"start":{"line":5,"column":42},"end":{"line":11,"column":5}},"line":5},"2":{"name":"(anonymous_2)","decl":{"start":{"line":13,"column":20},"end":{"line":13,"column":21}},"loc":{"start":{"line":13,"column":32},"end":{"line":17,"column":5}},"line":13},"3":{"name":"(anonymous_3)","decl":{"start":{"line":19,"column":17},"end":{"line":19,"column":18}},"loc":{"start":{"line":19,"column":34},"end":{"line":38,"column":5}},"line":19},"4":{"name":"(anonymous_4)","decl":{"start":{"line":40,"column":19},"end":{"line":40,"column":20}},"loc":{"start":{"line":40,"column":40},"end":{"line":46,"column":5}},"line":40},"5":{"name":"(anonymous_5)","decl":{"start":{"line":48,"column":19},"end":{"line":48,"column":20}},"loc":{"start":{"line":48,"column":27},"end":{"line":54,"column":5}},"line":48}},"branchMap":{"0":{"loc":{"start":{"line":5,"column":26},"end":{"line":5,"column":37}},"type":"default-arg","locations":[{"start":{"line":5,"column":35},"end":{"line":5,"column":37}}],"line":5},"1":{"loc":{"start":{"line":20,"column":8},"end":{"line":20,"column":103}},"type":"if","locations":[{"start":{"line":20,"column":8},"end":{"line":20,"column":103}},{"start":{"line":20,"column":8},"end":{"line":20,"column":103}}],"line":20},"2":{"loc":{"start":{"line":21,"column":8},"end":{"line":21,"column":95}},"type":"if","locations":[{"start":{"line":21,"column":8},"end":{"line":21,"column":95}},{"start":{"line":21,"column":8},"end":{"line":21,"column":95}}],"line":21},"3":{"loc":{"start":{"line":22,"column":8},"end":{"line":22,"column":91}},"type":"if","locations":[{"start":{"line":22,"column":8},"end":{"line":22,"column":91}},{"start":{"line":22,"column":8},"end":{"line":22,"column":91}}],"line":22},"4":{"loc":{"start":{"line":23,"column":8},"end":{"line":23,"column":94}},"type":"if","locations":[{"start":{"line":23,"column":8},"end":{"line":23,"column":94}},{"start":{"line":23,"column":8},"end":{"line":23,"column":94}}],"line":23},"5":{"loc":{"start":{"line":24,"column":8},"end":{"line":24,"column":91}},"type":"if","locations":[{"start":{"line":24,"column":8},"end":{"line":24,"column":91}},{"start":{"line":24,"column":8},"end":{"line":24,"column":91}}],"line":24},"6":{"loc":{"start":{"line":25,"column":8},"end":{"line":25,"column":112}},"type":"if","locations":[{"start":{"line":25,"column":8},"end":{"line":25,"column":112}},{"start":{"line":25,"column":8},"end":{"line":25,"column":112}}],"line":25},"7":{"loc":{"start":{"line":25,"column":14},"end":{"line":25,"column":66}},"type":"binary-expr","locations":[{"start":{"line":25,"column":14},"end":{"line":25,"column":38}},{"start":{"line":25,"column":42},"end":{"line":25,"column":66}}],"line":25},"8":{"loc":{"start":{"line":31,"column":8},"end":{"line":34,"column":9}},"type":"if","locations":[{"start":{"line":31,"column":8},"end":{"line":34,"column":9}},{"start":{"line":31,"column":8},"end":{"line":34,"column":9}}],"line":31},"9":{"loc":{"start":{"line":31,"column":12},"end":{"line":32,"column":65}},"type":"binary-expr","locations":[{"start":{"line":31,"column":13},"end":{"line":31,"column":37}},{"start":{"line":31,"column":41},"end":{"line":31,"column":64}},{"start":{"line":32,"column":13},"end":{"line":32,"column":37}},{"start":{"line":32,"column":41},"end":{"line":32,"column":64}}],"line":31}},"s":{"0":7,"1":7,"2":7,"3":7,"4":5,"5":7,"6":3,"7":7,"8":16,"9":1,"10":15,"11":1,"12":14,"13":1,"14":13,"15":1,"16":12,"17":1,"18":11,"19":1,"20":10,"21":10,"22":5,"23":10,"24":7,"25":1,"26":7,"27":1,"28":7},"f":{"0":7,"1":5,"2":3,"3":16,"4":1,"5":1},"b":{"0":[1],"1":[1,15],"2":[1,14],"3":[1,13],"4":[1,12],"5":[1,11],"6":[1,10],"7":[11,5],"8":[5,5],"9":[10,6,9,4]},"_coverageSchema":"332fd63041d2c1bcb487cc26dd0d5f7d97098a6c","hash":"ce5447a8793d030854819be8b649372986e07d39"}
,"C:\\cursos\\Api_barriga\\src\\services\\transfer.js": {"path":"C:\\cursos\\Api_barriga\\src\\services\\transfer.js","statementMap":{"0":{"start":{"line":1,"column":24},"end":{"line":1,"column":60}},"1":{"start":{"line":3,"column":0},"end":{"line":111,"column":2}},"2":{"start":{"line":4,"column":17},"end":{"line":8,"column":5}},"3":{"start":{"line":5,"column":8},"end":{"line":7,"column":22}},"4":{"start":{"line":10,"column":20},"end":{"line":14,"column":5}},"5":{"start":{"line":11,"column":8},"end":{"line":13,"column":21}},"6":{"start":{"line":16,"column":21},"end":{"line":28,"column":5}},"7":{"start":{"line":17,"column":8},"end":{"line":17,"column":100}},"8":{"start":{"line":17,"column":35},"end":{"line":17,"column":100}},"9":{"start":{"line":18,"column":8},"end":{"line":18,"column":92}},"10":{"start":{"line":18,"column":31},"end":{"line":18,"column":92}},"11":{"start":{"line":19,"column":8},"end":{"line":19,"column":88}},"12":{"start":{"line":19,"column":28},"end":{"line":19,"column":88}},"13":{"start":{"line":20,"column":8},"end":{"line":20,"column":105}},"14":{"start":{"line":20,"column":34},"end":{"line":20,"column":105}},"15":{"start":{"line":21,"column":8},"end":{"line":21,"column":107}},"16":{"start":{"line":21,"column":35},"end":{"line":21,"column":107}},"17":{"start":{"line":22,"column":8},"end":{"line":22,"column":141}},"18":{"start":{"line":22,"column":58},"end":{"line":22,"column":141}},"19":{"start":{"line":24,"column":25},"end":{"line":24,"column":117}},"20":{"start":{"line":25,"column":8},"end":{"line":27,"column":11}},"21":{"start":{"line":26,"column":12},"end":{"line":26,"column":133}},"22":{"start":{"line":26,"column":64},"end":{"line":26,"column":133}},"23":{"start":{"line":30,"column":17},"end":{"line":56,"column":5}},"24":{"start":{"line":31,"column":23},"end":{"line":31,"column":70}},"25":{"start":{"line":32,"column":27},"end":{"line":32,"column":39}},"26":{"start":{"line":34,"column":29},"end":{"line":52,"column":9}},"27":{"start":{"line":54,"column":8},"end":{"line":54,"column":58}},"28":{"start":{"line":55,"column":8},"end":{"line":55,"column":22}},"29":{"start":{"line":58,"column":19},"end":{"line":92,"column":5}},"30":{"start":{"line":59,"column":23},"end":{"line":63,"column":34}},"31":{"start":{"line":65,"column":29},"end":{"line":84,"column":9}},"32":{"start":{"line":86,"column":8},"end":{"line":88,"column":17}},"33":{"start":{"line":89,"column":8},"end":{"line":89,"column":58}},"34":{"start":{"line":91,"column":8},"end":{"line":91,"column":22}},"35":{"start":{"line":94,"column":19},"end":{"line":101,"column":5}},"36":{"start":{"line":95,"column":8},"end":{"line":97,"column":17}},"37":{"start":{"line":98,"column":8},"end":{"line":100,"column":17}},"38":{"start":{"line":103,"column":4},"end":{"line":110,"column":6}}},"fnMap":{"0":{"name":"(anonymous_0)","decl":{"start":{"line":3,"column":17},"end":{"line":3,"column":18}},"loc":{"start":{"line":3,"column":26},"end":{"line":111,"column":1}},"line":3},"1":{"name":"(anonymous_1)","decl":{"start":{"line":4,"column":17},"end":{"line":4,"column":18}},"loc":{"start":{"line":4,"column":34},"end":{"line":8,"column":5}},"line":4},"2":{"name":"(anonymous_2)","decl":{"start":{"line":10,"column":20},"end":{"line":10,"column":21}},"loc":{"start":{"line":10,"column":37},"end":{"line":14,"column":5}},"line":10},"3":{"name":"(anonymous_3)","decl":{"start":{"line":16,"column":21},"end":{"line":16,"column":22}},"loc":{"start":{"line":16,"column":41},"end":{"line":28,"column":5}},"line":16},"4":{"name":"(anonymous_4)","decl":{"start":{"line":25,"column":25},"end":{"line":25,"column":26}},"loc":{"start":{"line":25,"column":34},"end":{"line":27,"column":9}},"line":25},"5":{"name":"(anonymous_5)","decl":{"start":{"line":30,"column":17},"end":{"line":30,"column":18}},"loc":{"start":{"line":30,"column":37},"end":{"line":56,"column":5}},"line":30},"6":{"name":"(anonymous_6)","decl":{"start":{"line":58,"column":19},"end":{"line":58,"column":20}},"loc":{"start":{"line":58,"column":43},"end":{"line":92,"column":5}},"line":58},"7":{"name":"(anonymous_7)","decl":{"start":{"line":94,"column":19},"end":{"line":94,"column":20}},"loc":{"start":{"line":94,"column":33},"end":{"line":101,"column":5}},"line":94}},"branchMap":{"0":{"loc":{"start":{"line":4,"column":18},"end":{"line":4,"column":29}},"type":"default-arg","locations":[{"start":{"line":4,"column":27},"end":{"line":4,"column":29}}],"line":4},"1":{"loc":{"start":{"line":10,"column":21},"end":{"line":10,"column":32}},"type":"default-arg","locations":[{"start":{"line":10,"column":30},"end":{"line":10,"column":32}}],"line":10},"2":{"loc":{"start":{"line":17,"column":8},"end":{"line":17,"column":100}},"type":"if","locations":[{"start":{"line":17,"column":8},"end":{"line":17,"column":100}},{"start":{"line":17,"column":8},"end":{"line":17,"column":100}}],"line":17},"3":{"loc":{"start":{"line":18,"column":8},"end":{"line":18,"column":92}},"type":"if","locations":[{"start":{"line":18,"column":8},"end":{"line":18,"column":92}},{"start":{"line":18,"column":8},"end":{"line":18,"column":92}}],"line":18},"4":{"loc":{"start":{"line":19,"column":8},"end":{"line":19,"column":88}},"type":"if","locations":[{"start":{"line":19,"column":8},"end":{"line":19,"column":88}},{"start":{"line":19,"column":8},"end":{"line":19,"column":88}}],"line":19},"5":{"loc":{"start":{"line":20,"column":8},"end":{"line":20,"column":105}},"type":"if","locations":[{"start":{"line":20,"column":8},"end":{"line":20,"column":105}},{"start":{"line":20,"column":8},"end":{"line":20,"column":105}}],"line":20},"6":{"loc":{"start":{"line":21,"column":8},"end":{"line":21,"column":107}},"type":"if","locations":[{"start":{"line":21,"column":8},"end":{"line":21,"column":107}},{"start":{"line":21,"column":8},"end":{"line":21,"column":107}}],"line":21},"7":{"loc":{"start":{"line":22,"column":8},"end":{"line":22,"column":141}},"type":"if","locations":[{"start":{"line":22,"column":8},"end":{"line":22,"column":141}},{"start":{"line":22,"column":8},"end":{"line":22,"column":141}}],"line":22},"8":{"loc":{"start":{"line":26,"column":12},"end":{"line":26,"column":133}},"type":"if","locations":[{"start":{"line":26,"column":12},"end":{"line":26,"column":133}},{"start":{"line":26,"column":12},"end":{"line":26,"column":133}}],"line":26}},"s":{"0":7,"1":7,"2":7,"3":1,"4":7,"5":12,"6":7,"7":18,"8":2,"9":16,"10":2,"11":14,"12":2,"13":12,"14":2,"15":10,"16":2,"17":8,"18":2,"19":6,"20":6,"21":12,"22":2,"23":7,"24":3,"25":3,"26":3,"27":3,"28":3,"29":7,"30":1,"31":1,"32":1,"33":1,"34":1,"35":7,"36":1,"37":1,"38":7},"f":{"0":7,"1":1,"2":12,"3":18,"4":12,"5":3,"6":1,"7":1},"b":{"0":[0],"1":[0],"2":[2,16],"3":[2,14],"4":[2,12],"5":[2,10],"6":[2,8],"7":[2,6],"8":[2,10]},"_coverageSchema":"332fd63041d2c1bcb487cc26dd0d5f7d97098a6c","hash":"384199421b6819a8fec4b2af2c258ef2402680d7"}
,"C:\\cursos\\Api_barriga\\src\\services\\user.js": {"path":"C:\\cursos\\Api_barriga\\src\\services\\user.js","statementMap":{"0":{"start":{"line":1,"column":15},"end":{"line":1,"column":39}},"1":{"start":{"line":2,"column":24},"end":{"line":2,"column":60}},"2":{"start":{"line":4,"column":0},"end":{"line":42,"column":2}},"3":{"start":{"line":5,"column":18},"end":{"line":7,"column":3}},"4":{"start":{"line":6,"column":4},"end":{"line":6,"column":58}},"5":{"start":{"line":9,"column":18},"end":{"line":11,"column":3}},"6":{"start":{"line":10,"column":4},"end":{"line":10,"column":49}},"7":{"start":{"line":13,"column":24},"end":{"line":16,"column":3}},"8":{"start":{"line":14,"column":17},"end":{"line":14,"column":39}},"9":{"start":{"line":15,"column":4},"end":{"line":15,"column":41}},"10":{"start":{"line":18,"column":15},"end":{"line":35,"column":3}},"11":{"start":{"line":19,"column":4},"end":{"line":19,"column":80}},"12":{"start":{"line":19,"column":20},"end":{"line":19,"column":80}},"13":{"start":{"line":20,"column":4},"end":{"line":20,"column":81}},"14":{"start":{"line":20,"column":20},"end":{"line":20,"column":81}},"15":{"start":{"line":21,"column":4},"end":{"line":21,"column":83}},"16":{"start":{"line":21,"column":22},"end":{"line":21,"column":83}},"17":{"start":{"line":24,"column":19},"end":{"line":26,"column":6}},"18":{"start":{"line":27,"column":4},"end":{"line":27,"column":78}},"19":{"start":{"line":27,"column":16},"end":{"line":27,"column":78}},"20":{"start":{"line":29,"column":20},"end":{"line":31,"column":5}},"21":{"start":{"line":32,"column":4},"end":{"line":32,"column":48}},"22":{"start":{"line":34,"column":4},"end":{"line":34,"column":67}},"23":{"start":{"line":37,"column":2},"end":{"line":41,"column":4}}},"fnMap":{"0":{"name":"(anonymous_0)","decl":{"start":{"line":4,"column":17},"end":{"line":4,"column":18}},"loc":{"start":{"line":4,"column":26},"end":{"line":42,"column":1}},"line":4},"1":{"name":"(anonymous_1)","decl":{"start":{"line":5,"column":18},"end":{"line":5,"column":19}},"loc":{"start":{"line":5,"column":24},"end":{"line":7,"column":3}},"line":5},"2":{"name":"(anonymous_2)","decl":{"start":{"line":9,"column":18},"end":{"line":9,"column":19}},"loc":{"start":{"line":9,"column":35},"end":{"line":11,"column":3}},"line":9},"3":{"name":"(anonymous_3)","decl":{"start":{"line":13,"column":24},"end":{"line":13,"column":25}},"loc":{"start":{"line":13,"column":36},"end":{"line":16,"column":3}},"line":13},"4":{"name":"(anonymous_4)","decl":{"start":{"line":18,"column":15},"end":{"line":18,"column":16}},"loc":{"start":{"line":18,"column":31},"end":{"line":35,"column":3}},"line":18}},"branchMap":{"0":{"loc":{"start":{"line":9,"column":19},"end":{"line":9,"column":30}},"type":"default-arg","locations":[{"start":{"line":9,"column":28},"end":{"line":9,"column":30}}],"line":9},"1":{"loc":{"start":{"line":19,"column":4},"end":{"line":19,"column":80}},"type":"if","locations":[{"start":{"line":19,"column":4},"end":{"line":19,"column":80}},{"start":{"line":19,"column":4},"end":{"line":19,"column":80}}],"line":19},"2":{"loc":{"start":{"line":20,"column":4},"end":{"line":20,"column":81}},"type":"if","locations":[{"start":{"line":20,"column":4},"end":{"line":20,"column":81}},{"start":{"line":20,"column":4},"end":{"line":20,"column":81}}],"line":20},"3":{"loc":{"start":{"line":21,"column":4},"end":{"line":21,"column":83}},"type":"if","locations":[{"start":{"line":21,"column":4},"end":{"line":21,"column":83}},{"start":{"line":21,"column":4},"end":{"line":21,"column":83}}],"line":21},"4":{"loc":{"start":{"line":27,"column":4},"end":{"line":27,"column":78}},"type":"if","locations":[{"start":{"line":27,"column":4},"end":{"line":27,"column":78}},{"start":{"line":27,"column":4},"end":{"line":27,"column":78}}],"line":27}},"s":{"0":7,"1":7,"2":7,"3":7,"4":1,"5":7,"6":84,"7":7,"8":8,"9":8,"10":7,"11":12,"12":1,"13":11,"14":1,"15":10,"16":1,"17":9,"18":9,"19":1,"20":8,"21":8,"22":8,"23":7},"f":{"0":7,"1":1,"2":84,"3":8,"4":12},"b":{"0":[0],"1":[1,11],"2":[1,10],"3":[1,9],"4":[1,8]},"_coverageSchema":"332fd63041d2c1bcb487cc26dd0d5f7d97098a6c","hash":"34c5d401b5514bd3ea6870b87d09528bbfa65f10"}
}
