TN:
SF:C:\cursos\Api_barriga\knexfile.js
FNF:0
FNH:0
DA:1,7
LF:1
LH:1
BRF:0
BRH:0
end_of_record
TN:
SF:C:\cursos\Api_barriga\src\app.js
FN:21,(anonymous_0)
FN:26,(anonymous_1)
FNF:2
FNH:2
FNDA:1,(anonymous_0)
FNDA:34,(anonymous_1)
DA:1,7
DA:2,7
DA:3,7
DA:4,7
DA:7,7
DA:10,7
DA:21,7
DA:22,1
DA:26,7
DA:30,34
DA:31,34
DA:34,34
DA:38,29
DA:39,29
DA:45,5
DA:58,7
LF:16
LH:16
BRDA:31,0,0,29
BRDA:31,0,1,5
BRDA:34,1,0,5
BRDA:34,1,1,29
BRF:4
BRH:4
end_of_record
TN:
SF:C:\cursos\Api_barriga\src\config\middlewares.js
FN:5,(anonymous_0)
FNF:1
FNH:1
FNDA:7,(anonymous_0)
DA:1,7
DA:5,7
DA:6,7
LF:3
LH:3
BRF:0
BRH:0
end_of_record
TN:
SF:C:\cursos\Api_barriga\src\config\passport.js
FN:11,(anonymous_0)
FN:17,(anonymous_1)
FN:21,(anonymous_2)
FN:26,(anonymous_3)
FN:32,(anonymous_4)
FNF:5
FNH:4
FNDA:7,(anonymous_0)
FNDA:71,(anonymous_1)
FNDA:71,(anonymous_2)
FNDA:0,(anonymous_3)
FNDA:7,(anonymous_4)
DA:1,7
DA:2,7
DA:4,7
DA:9,7
DA:11,7
DA:12,7
DA:17,7
DA:18,71
DA:22,71
DA:25,0
DA:26,0
DA:29,7
DA:31,7
DA:32,7
LF:14
LH:12
BRDA:22,0,0,71
BRDA:22,0,1,0
BRF:2
BRH:1
end_of_record
TN:
SF:C:\cursos\Api_barriga\src\config\router.js
FN:3,(anonymous_0)
FNF:1
FNH:1
FNDA:7,(anonymous_0)
DA:1,7
DA:3,7
DA:4,7
DA:5,7
DA:7,7
DA:8,7
DA:9,7
DA:10,7
DA:11,7
DA:13,7
LF:10
LH:10
BRF:0
BRH:0
end_of_record
TN:
SF:C:\cursos\Api_barriga\src\errors\RecursoIndevidoError.js
FN:1,RecursoIndevidoError
FNF:1
FNH:1
FNDA:5,RecursoIndevidoError
DA:1,7
DA:2,5
DA:3,5
LF:3
LH:3
BRDA:1,0,0,5
BRF:1
BRH:1
end_of_record
TN:
SF:C:\cursos\Api_barriga\src\errors\ValidationError.js
FN:1,ValidationError
FNF:1
FNH:1
FNDA:29,ValidationError
DA:1,7
DA:2,29
DA:3,29
LF:3
LH:3
BRF:0
BRH:0
end_of_record
TN:
SF:C:\cursos\Api_barriga\src\routes\accounts.js
FN:5,(anonymous_0)
FN:8,(anonymous_1)
FN:12,(anonymous_2)
FN:15,(anonymous_3)
FN:18,(anonymous_4)
FN:24,(anonymous_5)
FN:26,(anonymous_6)
FN:29,(anonymous_7)
FN:31,(anonymous_8)
FN:32,(anonymous_9)
FN:36,(anonymous_10)
FN:40,(anonymous_11)
FN:41,(anonymous_12)
FN:44,(anonymous_13)
FN:46,(anonymous_14)
FN:47,(anonymous_15)
FN:50,(anonymous_16)
FN:52,(anonymous_17)
FN:53,(anonymous_18)
FNF:19
FNH:16
FNDA:7,(anonymous_0)
FNDA:7,(anonymous_1)
FNDA:7,(anonymous_2)
FNDA:3,(anonymous_3)
FNDA:3,(anonymous_4)
FNDA:1,(anonymous_5)
FNDA:2,(anonymous_6)
FNDA:1,(anonymous_7)
FNDA:1,(anonymous_8)
FNDA:0,(anonymous_9)
FNDA:1,(anonymous_10)
FNDA:1,(anonymous_11)
FNDA:0,(anonymous_12)
FNDA:1,(anonymous_13)
FNDA:1,(anonymous_14)
FNDA:0,(anonymous_15)
FNDA:2,(anonymous_16)
FNDA:1,(anonymous_17)
FNDA:1,(anonymous_18)
DA:1,7
DA:3,7
DA:5,7
DA:6,7
DA:8,7
DA:9,7
DA:13,7
DA:14,4
DA:15,3
DA:18,7
DA:20,3
DA:25,1
DA:26,2
DA:29,7
DA:30,1
DA:31,1
DA:32,0
DA:36,7
DA:37,1
DA:40,1
DA:41,0
DA:44,7
DA:45,1
DA:46,1
DA:47,0
DA:50,7
DA:51,2
DA:52,1
DA:53,1
DA:56,7
LF:30
LH:27
BRDA:13,0,0,3
BRDA:13,0,1,4
BRF:2
BRH:2
end_of_record
TN:
SF:C:\cursos\Api_barriga\src\routes\auth.js
FN:8,(anonymous_0)
FN:11,(anonymous_1)
FN:14,(anonymous_2)
FN:27,(anonymous_3)
FN:30,(anonymous_4)
FNF:5
FNH:5
FNDA:7,(anonymous_0)
FNDA:3,(anonymous_1)
FNDA:3,(anonymous_2)
FNDA:2,(anonymous_3)
FNDA:1,(anonymous_4)
DA:1,7
DA:2,7
DA:3,7
DA:4,7
DA:6,7
DA:8,7
DA:9,7
DA:11,7
DA:12,3
DA:15,3
DA:16,2
DA:17,1
DA:22,1
DA:23,1
DA:26,1
DA:27,2
DA:30,7
DA:32,1
DA:33,1
DA:34,1
DA:36,0
DA:40,7
LF:22
LH:21
BRDA:15,0,0,1
BRDA:15,0,1,2
BRDA:16,1,0,1
BRDA:16,1,1,1
BRF:4
BRH:4
end_of_record
TN:
SF:C:\cursos\Api_barriga\src\routes\balance.js
FN:3,(anonymous_0)
FN:6,(anonymous_1)
FN:8,(anonymous_2)
FN:9,(anonymous_3)
FNF:4
FNH:3
FNDA:7,(anonymous_0)
FNDA:10,(anonymous_1)
FNDA:10,(anonymous_2)
FNDA:0,(anonymous_3)
DA:1,7
DA:3,7
DA:4,7
DA:6,7
DA:7,10
DA:8,10
DA:9,0
DA:12,7
LF:8
LH:7
BRF:0
BRH:0
end_of_record
TN:
SF:C:\cursos\Api_barriga\src\routes\transactions.js
FN:4,(anonymous_0)
FN:7,(anonymous_1)
FN:10,(anonymous_2)
FN:13,(anonymous_3)
FN:16,(anonymous_4)
FN:18,(anonymous_5)
FN:19,(anonymous_6)
FN:23,(anonymous_7)
FN:25,(anonymous_8)
FN:26,(anonymous_9)
FN:29,(anonymous_10)
FN:33,(anonymous_11)
FN:34,(anonymous_12)
FN:37,(anonymous_13)
FN:39,(anonymous_14)
FN:40,(anonymous_15)
FN:43,(anonymous_16)
FN:45,(anonymous_17)
FN:46,(anonymous_18)
FNF:19
FNH:14
FNDA:7,(anonymous_0)
FNDA:4,(anonymous_1)
FNDA:4,(anonymous_2)
FNDA:1,(anonymous_3)
FNDA:1,(anonymous_4)
FNDA:1,(anonymous_5)
FNDA:0,(anonymous_6)
FNDA:16,(anonymous_7)
FNDA:10,(anonymous_8)
FNDA:0,(anonymous_9)
FNDA:1,(anonymous_10)
FNDA:1,(anonymous_11)
FNDA:0,(anonymous_12)
FNDA:1,(anonymous_13)
FNDA:1,(anonymous_14)
FNDA:0,(anonymous_15)
FNDA:1,(anonymous_16)
FNDA:1,(anonymous_17)
FNDA:0,(anonymous_18)
DA:1,7
DA:2,7
DA:4,7
DA:5,7
DA:7,7
DA:8,4
DA:11,4
DA:12,1
DA:13,1
DA:16,7
DA:17,1
DA:18,1
DA:19,0
DA:23,7
DA:24,16
DA:25,10
DA:26,0
DA:29,7
DA:30,1
DA:33,1
DA:34,0
DA:37,7
DA:38,1
DA:39,1
DA:40,0
DA:43,7
DA:44,1
DA:45,1
DA:46,0
DA:49,7
LF:30
LH:25
BRDA:11,0,0,3
BRDA:11,0,1,1
BRF:2
BRH:2
end_of_record
TN:
SF:C:\cursos\Api_barriga\src\routes\transfers.js
FN:5,(anonymous_0)
FN:8,(anonymous_1)
FN:12,(anonymous_2)
FN:15,(anonymous_3)
FN:18,(anonymous_4)
FN:23,(anonymous_5)
FN:24,(anonymous_6)
FN:28,(anonymous_7)
FN:32,(anonymous_8)
FN:33,(anonymous_9)
FN:37,(anonymous_10)
FN:43,(anonymous_11)
FN:44,(anonymous_12)
FN:47,(anonymous_13)
FN:51,(anonymous_14)
FN:52,(anonymous_15)
FN:55,(anonymous_16)
FN:60,(anonymous_17)
FN:61,(anonymous_18)
FN:64,(anonymous_19)
FN:66,(anonymous_20)
FN:67,(anonymous_21)
FNF:22
FNH:17
FNDA:7,(anonymous_0)
FNDA:11,(anonymous_1)
FNDA:11,(anonymous_2)
FNDA:1,(anonymous_3)
FNDA:18,(anonymous_4)
FNDA:4,(anonymous_5)
FNDA:14,(anonymous_6)
FNDA:1,(anonymous_7)
FNDA:1,(anonymous_8)
FNDA:0,(anonymous_9)
FNDA:3,(anonymous_10)
FNDA:3,(anonymous_11)
FNDA:0,(anonymous_12)
FNDA:1,(anonymous_13)
FNDA:1,(anonymous_14)
FNDA:0,(anonymous_15)
FNDA:1,(anonymous_16)
FNDA:1,(anonymous_17)
FNDA:0,(anonymous_18)
FNDA:1,(anonymous_19)
FNDA:1,(anonymous_20)
FNDA:0,(anonymous_21)
DA:1,7
DA:2,7
DA:5,7
DA:6,7
DA:8,7
DA:9,11
DA:13,11
DA:14,10
DA:15,1
DA:18,7
DA:19,18
DA:23,4
DA:24,14
DA:28,7
DA:29,1
DA:32,1
DA:33,0
DA:37,7
DA:38,3
DA:42,3
DA:43,3
DA:44,0
DA:47,7
DA:48,1
DA:51,1
DA:52,0
DA:55,7
DA:56,1
DA:60,1
DA:61,0
DA:64,7
DA:65,1
DA:66,1
DA:67,0
DA:70,7
LF:35
LH:30
BRDA:13,0,0,1
BRDA:13,0,1,10
BRF:2
BRH:2
end_of_record
TN:
SF:C:\cursos\Api_barriga\src\routes\users.js
FN:3,(anonymous_0)
FN:6,(anonymous_1)
FN:8,(anonymous_2)
FN:9,(anonymous_3)
FN:12,(anonymous_4)
FNF:5
FNH:4
FNDA:7,(anonymous_0)
FNDA:1,(anonymous_1)
FNDA:1,(anonymous_2)
FNDA:0,(anonymous_3)
FNDA:6,(anonymous_4)
DA:1,7
DA:3,7
DA:4,7
DA:6,7
DA:7,1
DA:8,1
DA:9,0
DA:12,7
DA:14,6
DA:15,6
DA:16,2
DA:18,4
DA:23,7
LF:13
LH:12
BRF:0
BRH:0
end_of_record
TN:
SF:C:\cursos\Api_barriga\src\seeds\01_transfer.js
FN:1,(anonymous_0)
FN:3,(anonymous_1)
FN:4,(anonymous_2)
FN:5,(anonymous_3)
FN:6,(anonymous_4)
FN:19,(anonymous_5)
FN:40,(anonymous_6)
FN:59,(anonymous_7)
FNF:8
FNH:8
FNDA:2,(anonymous_0)
FNDA:2,(anonymous_1)
FNDA:2,(anonymous_2)
FNDA:2,(anonymous_3)
FNDA:2,(anonymous_4)
FNDA:2,(anonymous_5)
FNDA:2,(anonymous_6)
FNDA:2,(anonymous_7)
DA:1,2
DA:2,2
DA:3,2
DA:4,2
DA:5,2
DA:6,2
DA:19,2
DA:40,2
DA:59,2
LF:9
LH:9
BRF:0
BRH:0
end_of_record
TN:
SF:C:\cursos\Api_barriga\src\seeds\02_balance.js
FN:3,(anonymous_0)
FN:23,(anonymous_1)
FN:54,(anonymous_2)
FN:73,(anonymous_3)
FNF:4
FNH:4
FNDA:2,(anonymous_0)
FNDA:2,(anonymous_1)
FNDA:2,(anonymous_2)
FNDA:2,(anonymous_3)
DA:1,2
DA:3,2
DA:4,2
DA:23,2
DA:54,2
DA:73,2
LF:6
LH:6
BRF:0
BRH:0
end_of_record
TN:
SF:C:\cursos\Api_barriga\src\services\account.js
FN:2,(anonymous_0)
FN:3,(anonymous_1)
FN:9,(anonymous_2)
FN:13,(anonymous_3)
FN:26,(anonymous_4)
FN:34,(anonymous_5)
FNF:6
FNH:6
FNDA:7,(anonymous_0)
FNDA:1,(anonymous_1)
FNDA:10,(anonymous_2)
FNDA:3,(anonymous_3)
FNDA:1,(anonymous_4)
FNDA:2,(anonymous_5)
DA:1,7
DA:2,7
DA:3,7
DA:4,1
DA:9,7
DA:10,10
DA:13,7
DA:14,3
DA:16,2
DA:20,2
DA:23,1
DA:26,7
DA:27,1
DA:34,7
DA:35,2
DA:38,2
DA:39,1
DA:47,7
LF:18
LH:18
BRDA:9,0,0,0
BRDA:14,1,0,1
BRDA:14,1,1,2
BRDA:20,2,0,1
BRDA:20,2,1,1
BRDA:38,3,0,1
BRDA:38,3,1,1
BRF:7
BRH:6
end_of_record
TN:
SF:C:\cursos\Api_barriga\src\services\balance.js
FN:1,(anonymous_0)
FN:2,(anonymous_1)
FNF:2
FNH:2
FNDA:7,(anonymous_0)
FNDA:10,(anonymous_1)
DA:1,7
DA:2,7
DA:3,10
DA:14,7
LF:4
LH:4
BRF:0
BRH:0
end_of_record
TN:
SF:C:\cursos\Api_barriga\src\services\transaction.js
FN:4,(anonymous_0)
FN:5,(anonymous_1)
FN:13,(anonymous_2)
FN:19,(anonymous_3)
FN:40,(anonymous_4)
FN:48,(anonymous_5)
FNF:6
FNH:6
FNDA:7,(anonymous_0)
FNDA:5,(anonymous_1)
FNDA:3,(anonymous_2)
FNDA:16,(anonymous_3)
FNDA:1,(anonymous_4)
FNDA:1,(anonymous_5)
DA:1,7
DA:2,7
DA:4,7
DA:5,7
DA:6,5
DA:13,7
DA:14,3
DA:19,7
DA:20,16
DA:21,15
DA:22,14
DA:23,13
DA:24,12
DA:25,11
DA:27,10
DA:31,10
DA:33,5
DA:36,10
DA:40,7
DA:41,1
DA:48,7
DA:49,1
DA:57,7
LF:23
LH:23
BRDA:5,0,0,1
BRDA:20,1,0,1
BRDA:20,1,1,15
BRDA:21,2,0,1
BRDA:21,2,1,14
BRDA:22,3,0,1
BRDA:22,3,1,13
BRDA:23,4,0,1
BRDA:23,4,1,12
BRDA:24,5,0,1
BRDA:24,5,1,11
BRDA:25,6,0,1
BRDA:25,6,1,10
BRDA:25,7,0,11
BRDA:25,7,1,5
BRDA:31,8,0,5
BRDA:31,8,1,5
BRDA:31,9,0,10
BRDA:31,9,1,6
BRDA:31,9,2,9
BRDA:31,9,3,4
BRF:21
BRH:21
end_of_record
TN:
SF:C:\cursos\Api_barriga\src\services\transfer.js
FN:3,(anonymous_0)
FN:4,(anonymous_1)
FN:10,(anonymous_2)
FN:16,(anonymous_3)
FN:25,(anonymous_4)
FN:30,(anonymous_5)
FN:58,(anonymous_6)
FN:94,(anonymous_7)
FNF:8
FNH:8
FNDA:7,(anonymous_0)
FNDA:1,(anonymous_1)
FNDA:12,(anonymous_2)
FNDA:18,(anonymous_3)
FNDA:12,(anonymous_4)
FNDA:3,(anonymous_5)
FNDA:1,(anonymous_6)
FNDA:1,(anonymous_7)
DA:1,7
DA:3,7
DA:4,7
DA:5,1
DA:10,7
DA:11,12
DA:16,7
DA:17,18
DA:18,16
DA:19,14
DA:20,12
DA:21,10
DA:22,8
DA:24,6
DA:25,6
DA:26,12
DA:30,7
DA:31,3
DA:32,3
DA:34,3
DA:54,3
DA:55,3
DA:58,7
DA:59,1
DA:65,1
DA:86,1
DA:89,1
DA:91,1
DA:94,7
DA:95,1
DA:98,1
DA:103,7
LF:32
LH:32
BRDA:4,0,0,0
BRDA:10,1,0,0
BRDA:17,2,0,2
BRDA:17,2,1,16
BRDA:18,3,0,2
BRDA:18,3,1,14
BRDA:19,4,0,2
BRDA:19,4,1,12
BRDA:20,5,0,2
BRDA:20,5,1,10
BRDA:21,6,0,2
BRDA:21,6,1,8
BRDA:22,7,0,2
BRDA:22,7,1,6
BRDA:26,8,0,2
BRDA:26,8,1,10
BRF:16
BRH:14
end_of_record
TN:
SF:C:\cursos\Api_barriga\src\services\user.js
FN:4,(anonymous_0)
FN:5,(anonymous_1)
FN:9,(anonymous_2)
FN:13,(anonymous_3)
FN:18,(anonymous_4)
FNF:5
FNH:5
FNDA:7,(anonymous_0)
FNDA:1,(anonymous_1)
FNDA:84,(anonymous_2)
FNDA:8,(anonymous_3)
FNDA:12,(anonymous_4)
DA:1,7
DA:2,7
DA:4,7
DA:5,7
DA:6,1
DA:9,7
DA:10,84
DA:13,7
DA:14,8
DA:15,8
DA:18,7
DA:19,12
DA:20,11
DA:21,10
DA:24,9
DA:27,9
DA:29,8
DA:32,8
DA:34,8
DA:37,7
LF:20
LH:20
BRDA:9,0,0,0
BRDA:19,1,0,1
BRDA:19,1,1,11
BRDA:20,2,0,1
BRDA:20,2,1,10
BRDA:21,3,0,1
BRDA:21,3,1,9
BRDA:27,4,0,1
BRDA:27,4,1,8
BRF:9
BRH:8
end_of_record
